find: '/etc/ssl/private': Permission denied
find: '/etc/ssl/private': Permission denied
grep: /etc/ssh/ssh_host_rsa_key: Permission denied
grep: /etc/ssh/ssh_host_ed25519_key: Permission denied
grep: /etc/ssh/ssh_host_ecdsa_key: Permission denied
grep: /etc/shadow-: Permission denied
grep: /etc/sudoers.d/README: Permission denied
grep: /etc/shadow: Permission denied
grep: /etc/gshadow-: Permission denied
grep: /etc/security/opasswd: Permission denied
grep: /etc/gshadow: Permission denied
grep: /etc/sudoers: Permission denied
grep: /etc/.pwd.lock: Permission denied
find: '/etc/ssl/private': Permission denied
grep: /etc/ssh/ssh_host_rsa_key: Permission denied
grep: /etc/ssh/ssh_host_ed25519_key: Permission denied
grep: /etc/ssh/ssh_host_ecdsa_key: Permission denied
grep: /etc/shadow-: Permission denied
grep: /etc/sudoers.d/README: Permission denied
grep: /etc/shadow: Permission denied
grep: /etc/gshadow-: Permission denied
grep: /etc/security/opasswd: Permission denied
grep: /etc/gshadow: Permission denied
grep: /etc/sudoers: Permission denied
grep: /etc/.pwd.lock: Permission denied
find: '/etc/ssl/private': Permission denied
grep: /etc/ssh/ssh_host_rsa_key: Permission denied
grep: /etc/ssh/ssh_host_ed25519_key: Permission denied
grep: /etc/ssh/ssh_host_ecdsa_key: Permission denied
grep: /etc/shadow-: Permission denied
grep: /etc/sudoers.d/README: Permission denied
grep: /etc/shadow: Permission denied
grep: /etc/gshadow-: Permission denied
grep: /etc/security/opasswd: Permission denied
grep: /etc/gshadow: Permission denied
grep: /etc/sudoers: Permission denied
grep: /etc/.pwd.lock: Permission denied
grep: /etc/ssh/ssh_host_rsa_key: Permission denied
grep: /etc/ssh/ssh_host_ed25519_key: Permission denied
grep: /etc/ssh/ssh_host_ecdsa_key: Permission denied
grep: /etc/shadow-: Permission denied
grep: /etc/sudoers.d/README: Permission denied
grep: /etc/shadow: Permission denied
grep: /etc/gshadow-: Permission denied
grep: /etc/security/opasswd: Permission denied
grep: /etc/gshadow: Permission denied
grep: /etc/sudoers: Permission denied
grep: /etc/.pwd.lock: Permission denied
